--------------------------------------------------------
OpenGLide Log File
--------------------------------------------------------
***** OpenGLide 0.09rc9 *****
--------------------------------------------------------
Date: 02/19/19
Time: 17:22:55
--------------------------------------------------------
--------------------------------------------------------
Clock Frequency: 2594.00 Mhz
--------------------------------------------------------
--------------------------------------------------------
Configuration file is OpenGLid.ini
--------------------------------------------------------
Wrapper Class Priority of 32
Wrapper Priority of 2
--------------------------------------------------------
--------------------------------------------------------
Time: 17:23:05
--------------------------------------------------------
