  canvas.cpp
E:\ftpdow\作业1参考代码\作业2参考代码\Canvas\canvas.cpp(230,15): warning C4244: “初始化”: 从“double”转换到“float”，可能丢失数据
E:\ftpdow\作业1参考代码\作业2参考代码\Canvas\canvas.cpp(277,15): warning C4244: “初始化”: 从“double”转换到“float”，可能丢失数据
E:\ftpdow\作业1参考代码\作业2参考代码\Canvas\canvas.cpp(295,27): warning C4305: “参数”: 从“double”到“GLfloat”截断
E:\ftpdow\作业1参考代码\作业2参考代码\Canvas\canvas.cpp(295,22): warning C4305: “参数”: 从“double”到“GLfloat”截断
E:\ftpdow\作业1参考代码\作业2参考代码\Canvas\canvas.cpp(295,17): warning C4305: “参数”: 从“double”到“GLfloat”截断
E:\ftpdow\作业1参考代码\作业2参考代码\Canvas\canvas.cpp(297,38): warning C4244: “参数”: 从“int”转换到“GLfloat”，可能丢失数据
E:\ftpdow\作业1参考代码\作业2参考代码\Canvas\canvas.cpp(297,30): warning C4244: “参数”: 从“double”转换到“GLfloat”，可能丢失数据
E:\ftpdow\作业1参考代码\作业2参考代码\Canvas\canvas.cpp(297,18): warning C4244: “参数”: 从“double”转换到“GLfloat”，可能丢失数据
E:\ftpdow\作业1参考代码\作业2参考代码\Canvas\canvas.cpp(302,38): warning C4244: “参数”: 从“int”转换到“GLfloat”，可能丢失数据
E:\ftpdow\作业1参考代码\作业2参考代码\Canvas\canvas.cpp(302,30): warning C4244: “参数”: 从“double”转换到“GLfloat”，可能丢失数据
E:\ftpdow\作业1参考代码\作业2参考代码\Canvas\canvas.cpp(302,18): warning C4244: “参数”: 从“double”转换到“GLfloat”，可能丢失数据
E:\ftpdow\作业1参考代码\作业2参考代码\Canvas\canvas.cpp(308,29): warning C4244: “参数”: 从“double”转换到“GLfloat”，可能丢失数据
E:\ftpdow\作业1参考代码\作业2参考代码\Canvas\canvas.cpp(308,17): warning C4244: “参数”: 从“double”转换到“GLfloat”，可能丢失数据
E:\ftpdow\作业1参考代码\作业2参考代码\Canvas\canvas.cpp(316,27): warning C4305: “参数”: 从“double”到“GLfloat”截断
E:\ftpdow\作业1参考代码\作业2参考代码\Canvas\canvas.cpp(316,22): warning C4305: “参数”: 从“double”到“GLfloat”截断
E:\ftpdow\作业1参考代码\作业2参考代码\Canvas\canvas.cpp(316,17): warning C4305: “参数”: 从“double”到“GLfloat”截断
E:\ftpdow\作业1参考代码\作业2参考代码\Canvas\canvas.cpp(318,41): warning C4244: “参数”: 从“double”转换到“GLfloat”，可能丢失数据
E:\ftpdow\作业1参考代码\作业2参考代码\Canvas\canvas.cpp(318,30): warning C4244: “参数”: 从“double”转换到“GLfloat”，可能丢失数据
E:\ftpdow\作业1参考代码\作业2参考代码\Canvas\canvas.cpp(318,18): warning C4244: “参数”: 从“double”转换到“GLfloat”，可能丢失数据
E:\ftpdow\作业1参考代码\作业2参考代码\Canvas\canvas.cpp(323,41): warning C4244: “参数”: 从“double”转换到“GLfloat”，可能丢失数据
E:\ftpdow\作业1参考代码\作业2参考代码\Canvas\canvas.cpp(323,30): warning C4244: “参数”: 从“double”转换到“GLfloat”，可能丢失数据
E:\ftpdow\作业1参考代码\作业2参考代码\Canvas\canvas.cpp(323,18): warning C4244: “参数”: 从“double”转换到“GLfloat”，可能丢失数据
E:\ftpdow\作业1参考代码\作业2参考代码\Canvas\canvas.cpp(328,31): warning C4244: “参数”: 从“double”转换到“GLfloat”，可能丢失数据
E:\ftpdow\作业1参考代码\作业2参考代码\Canvas\canvas.cpp(328,18): warning C4244: “参数”: 从“double”转换到“GLfloat”，可能丢失数据
E:\ftpdow\作业1参考代码\作业2参考代码\Canvas\canvas.cpp(329,31): warning C4244: “参数”: 从“double”转换到“GLfloat”，可能丢失数据
E:\ftpdow\作业1参考代码\作业2参考代码\Canvas\canvas.cpp(329,18): warning C4244: “参数”: 从“double”转换到“GLfloat”，可能丢失数据
E:\ftpdow\作业1参考代码\作业2参考代码\Canvas\canvas.cpp(337,27): warning C4305: “参数”: 从“double”到“GLfloat”截断
E:\ftpdow\作业1参考代码\作业2参考代码\Canvas\canvas.cpp(337,22): warning C4305: “参数”: 从“double”到“GLfloat”截断
E:\ftpdow\作业1参考代码\作业2参考代码\Canvas\canvas.cpp(337,17): warning C4305: “参数”: 从“double”到“GLfloat”截断
E:\ftpdow\作业1参考代码\作业2参考代码\Canvas\canvas.cpp(339,41): warning C4244: “参数”: 从“double”转换到“GLfloat”，可能丢失数据
E:\ftpdow\作业1参考代码\作业2参考代码\Canvas\canvas.cpp(339,30): warning C4244: “参数”: 从“double”转换到“GLfloat”，可能丢失数据
E:\ftpdow\作业1参考代码\作业2参考代码\Canvas\canvas.cpp(339,18): warning C4244: “参数”: 从“double”转换到“GLfloat”，可能丢失数据
E:\ftpdow\作业1参考代码\作业2参考代码\Canvas\canvas.cpp(344,41): warning C4244: “参数”: 从“double”转换到“GLfloat”，可能丢失数据
E:\ftpdow\作业1参考代码\作业2参考代码\Canvas\canvas.cpp(344,30): warning C4244: “参数”: 从“double”转换到“GLfloat”，可能丢失数据
E:\ftpdow\作业1参考代码\作业2参考代码\Canvas\canvas.cpp(344,18): warning C4244: “参数”: 从“double”转换到“GLfloat”，可能丢失数据
E:\ftpdow\作业1参考代码\作业2参考代码\Canvas\canvas.cpp(349,55): warning C4244: “参数”: 从“double”转换到“GLfloat”，可能丢失数据
E:\ftpdow\作业1参考代码\作业2参考代码\Canvas\canvas.cpp(349,42): warning C4244: “参数”: 从“double”转换到“GLfloat”，可能丢失数据
E:\ftpdow\作业1参考代码\作业2参考代码\Canvas\canvas.cpp(349,28): warning C4244: “参数”: 从“double”转换到“GLfloat”，可能丢失数据
E:\ftpdow\作业1参考代码\作业2参考代码\Canvas\canvas.cpp(349,15): warning C4244: “参数”: 从“double”转换到“GLfloat”，可能丢失数据
E:\ftpdow\作业1参考代码\作业2参考代码\Canvas\canvas.cpp(357,27): warning C4305: “参数”: 从“double”到“GLfloat”截断
E:\ftpdow\作业1参考代码\作业2参考代码\Canvas\canvas.cpp(357,22): warning C4305: “参数”: 从“double”到“GLfloat”截断
E:\ftpdow\作业1参考代码\作业2参考代码\Canvas\canvas.cpp(357,17): warning C4305: “参数”: 从“double”到“GLfloat”截断
E:\ftpdow\作业1参考代码\作业2参考代码\Canvas\canvas.cpp(359,41): warning C4244: “参数”: 从“double”转换到“GLfloat”，可能丢失数据
E:\ftpdow\作业1参考代码\作业2参考代码\Canvas\canvas.cpp(359,30): warning C4244: “参数”: 从“double”转换到“GLfloat”，可能丢失数据
E:\ftpdow\作业1参考代码\作业2参考代码\Canvas\canvas.cpp(359,18): warning C4244: “参数”: 从“double”转换到“GLfloat”，可能丢失数据
E:\ftpdow\作业1参考代码\作业2参考代码\Canvas\canvas.cpp(364,41): warning C4244: “参数”: 从“double”转换到“GLfloat”，可能丢失数据
E:\ftpdow\作业1参考代码\作业2参考代码\Canvas\canvas.cpp(364,30): warning C4244: “参数”: 从“double”转换到“GLfloat”，可能丢失数据
E:\ftpdow\作业1参考代码\作业2参考代码\Canvas\canvas.cpp(364,18): warning C4244: “参数”: 从“double”转换到“GLfloat”，可能丢失数据
E:\ftpdow\作业1参考代码\作业2参考代码\Canvas\canvas.cpp(369,30): warning C4244: “参数”: 从“double”转换到“GLfloat”，可能丢失数据
E:\ftpdow\作业1参考代码\作业2参考代码\Canvas\canvas.cpp(369,18): warning C4244: “参数”: 从“double”转换到“GLfloat”，可能丢失数据
E:\ftpdow\作业1参考代码\作业2参考代码\Canvas\canvas.cpp(370,30): warning C4244: “参数”: 从“double”转换到“GLfloat”，可能丢失数据
E:\ftpdow\作业1参考代码\作业2参考代码\Canvas\canvas.cpp(370,17): warning C4244: “参数”: 从“double”转换到“GLfloat”，可能丢失数据
E:\ftpdow\作业1参考代码\作业2参考代码\Canvas\canvas.cpp(371,30): warning C4244: “参数”: 从“double”转换到“GLfloat”，可能丢失数据
E:\ftpdow\作业1参考代码\作业2参考代码\Canvas\canvas.cpp(371,18): warning C4244: “参数”: 从“double”转换到“GLfloat”，可能丢失数据
E:\ftpdow\作业1参考代码\作业2参考代码\Canvas\canvas.cpp(379,27): warning C4305: “参数”: 从“double”到“GLfloat”截断
E:\ftpdow\作业1参考代码\作业2参考代码\Canvas\canvas.cpp(379,22): warning C4305: “参数”: 从“double”到“GLfloat”截断
E:\ftpdow\作业1参考代码\作业2参考代码\Canvas\canvas.cpp(379,17): warning C4305: “参数”: 从“double”到“GLfloat”截断
E:\ftpdow\作业1参考代码\作业2参考代码\Canvas\canvas.cpp(381,41): warning C4244: “参数”: 从“double”转换到“GLfloat”，可能丢失数据
E:\ftpdow\作业1参考代码\作业2参考代码\Canvas\canvas.cpp(381,30): warning C4244: “参数”: 从“double”转换到“GLfloat”，可能丢失数据
E:\ftpdow\作业1参考代码\作业2参考代码\Canvas\canvas.cpp(381,18): warning C4244: “参数”: 从“double”转换到“GLfloat”，可能丢失数据
E:\ftpdow\作业1参考代码\作业2参考代码\Canvas\canvas.cpp(386,41): warning C4244: “参数”: 从“double”转换到“GLfloat”，可能丢失数据
E:\ftpdow\作业1参考代码\作业2参考代码\Canvas\canvas.cpp(386,30): warning C4244: “参数”: 从“double”转换到“GLfloat”，可能丢失数据
E:\ftpdow\作业1参考代码\作业2参考代码\Canvas\canvas.cpp(386,18): warning C4244: “参数”: 从“double”转换到“GLfloat”，可能丢失数据
E:\ftpdow\作业1参考代码\作业2参考代码\Canvas\canvas.cpp(401,15): warning C4244: “初始化”: 从“double”转换到“float”，可能丢失数据
E:\ftpdow\作业1参考代码\作业2参考代码\Canvas\canvas.cpp(402,65): warning C4244: “参数”: 从“double”转换到“GLfloat”，可能丢失数据
E:\ftpdow\作业1参考代码\作业2参考代码\Canvas\canvas.cpp(402,25): warning C4244: “参数”: 从“double”转换到“GLfloat”，可能丢失数据
E:\ftpdow\作业1参考代码\作业2参考代码\Canvas\canvas.cpp(411,27): warning C4305: “参数”: 从“double”到“GLfloat”截断
E:\ftpdow\作业1参考代码\作业2参考代码\Canvas\canvas.cpp(411,22): warning C4305: “参数”: 从“double”到“GLfloat”截断
E:\ftpdow\作业1参考代码\作业2参考代码\Canvas\canvas.cpp(411,17): warning C4305: “参数”: 从“double”到“GLfloat”截断
E:\ftpdow\作业1参考代码\作业2参考代码\Canvas\canvas.cpp(413,41): warning C4244: “参数”: 从“double”转换到“GLfloat”，可能丢失数据
E:\ftpdow\作业1参考代码\作业2参考代码\Canvas\canvas.cpp(413,30): warning C4244: “参数”: 从“double”转换到“GLfloat”，可能丢失数据
E:\ftpdow\作业1参考代码\作业2参考代码\Canvas\canvas.cpp(413,18): warning C4244: “参数”: 从“double”转换到“GLfloat”，可能丢失数据
E:\ftpdow\作业1参考代码\作业2参考代码\Canvas\canvas.cpp(418,41): warning C4244: “参数”: 从“double”转换到“GLfloat”，可能丢失数据
E:\ftpdow\作业1参考代码\作业2参考代码\Canvas\canvas.cpp(418,30): warning C4244: “参数”: 从“double”转换到“GLfloat”，可能丢失数据
E:\ftpdow\作业1参考代码\作业2参考代码\Canvas\canvas.cpp(418,18): warning C4244: “参数”: 从“double”转换到“GLfloat”，可能丢失数据
E:\ftpdow\作业1参考代码\作业2参考代码\Canvas\canvas.cpp(433,15): warning C4244: “初始化”: 从“double”转换到“float”，可能丢失数据
E:\ftpdow\作业1参考代码\作业2参考代码\Canvas\canvas.cpp(434,65): warning C4244: “参数”: 从“double”转换到“GLfloat”，可能丢失数据
E:\ftpdow\作业1参考代码\作业2参考代码\Canvas\canvas.cpp(434,25): warning C4244: “参数”: 从“double”转换到“GLfloat”，可能丢失数据
E:\ftpdow\作业1参考代码\作业2参考代码\Canvas\canvas.cpp(442,22): warning C4305: “参数”: 从“double”到“GLfloat”截断
E:\ftpdow\作业1参考代码\作业2参考代码\Canvas\canvas.cpp(442,17): warning C4305: “参数”: 从“double”到“GLfloat”截断
E:\ftpdow\作业1参考代码\作业2参考代码\Canvas\canvas.cpp(442,12): warning C4305: “参数”: 从“double”到“GLfloat”截断
E:\ftpdow\作业1参考代码\作业2参考代码\Canvas\canvas.cpp(444,57): warning C4244: “参数”: 从“double”转换到“GLfloat”，可能丢失数据
E:\ftpdow\作业1参考代码\作业2参考代码\Canvas\canvas.cpp(444,23): warning C4244: “参数”: 从“double”转换到“GLfloat”，可能丢失数据
E:\ftpdow\作业1参考代码\作业2参考代码\Canvas\canvas.cpp(448,57): warning C4244: “参数”: 从“double”转换到“GLfloat”，可能丢失数据
E:\ftpdow\作业1参考代码\作业2参考代码\Canvas\canvas.cpp(448,23): warning C4244: “参数”: 从“double”转换到“GLfloat”，可能丢失数据
E:\ftpdow\作业1参考代码\作业2参考代码\Canvas\canvas.cpp(457,20): warning C4244: “参数”: 从“int”转换到“GLfloat”，可能丢失数据
E:\ftpdow\作业1参考代码\作业2参考代码\Canvas\canvas.cpp(457,13): warning C4244: “参数”: 从“int”转换到“GLfloat”，可能丢失数据
E:\ftpdow\作业1参考代码\作业2参考代码\Canvas\canvas.cpp(473,19): warning C4244: “参数”: 从“double”转换到“GLfloat”，可能丢失数据
E:\ftpdow\作业1参考代码\作业2参考代码\Canvas\canvas.cpp(474,27): warning C4244: “参数”: 从“int”转换到“GLfloat”，可能丢失数据
E:\ftpdow\作业1参考代码\作业2参考代码\Canvas\canvas.cpp(474,19): warning C4244: “参数”: 从“double”转换到“GLfloat”，可能丢失数据
E:\ftpdow\作业1参考代码\作业2参考代码\Canvas\canvas.cpp(478,30): warning C4244: “参数”: 从“double”转换到“GLfloat”，可能丢失数据
E:\ftpdow\作业1参考代码\作业2参考代码\Canvas\canvas.cpp(478,17): warning C4244: “参数”: 从“double”转换到“GLfloat”，可能丢失数据
E:\ftpdow\作业1参考代码\作业2参考代码\Canvas\canvas.cpp(479,26): warning C4244: “参数”: 从“double”转换到“GLfloat”，可能丢失数据
E:\ftpdow\作业1参考代码\作业2参考代码\Canvas\canvas.cpp(479,14): warning C4244: “参数”: 从“int”转换到“GLfloat”，可能丢失数据
E:\ftpdow\作业1参考代码\作业2参考代码\Canvas\canvas.cpp(549,54): warning C4244: “参数”: 从“int”转换到“float”，可能丢失数据
E:\ftpdow\作业1参考代码\作业2参考代码\Canvas\canvas.cpp(549,51): warning C4244: “参数”: 从“int”转换到“float”，可能丢失数据
E:\ftpdow\作业1参考代码\作业2参考代码\Canvas\canvas.cpp(559,44): warning C4244: “参数”: 从“int”转换到“float”，可能丢失数据
E:\ftpdow\作业1参考代码\作业2参考代码\Canvas\canvas.cpp(559,41): warning C4244: “参数”: 从“int”转换到“float”，可能丢失数据
E:\ftpdow\作业1参考代码\作业2参考代码\Canvas\canvas.cpp(559,34): warning C4244: “参数”: 从“int”转换到“float”，可能丢失数据
E:\ftpdow\作业1参考代码\作业2参考代码\Canvas\canvas.cpp(559,27): warning C4244: “参数”: 从“int”转换到“float”，可能丢失数据
E:\ftpdow\作业1参考代码\作业2参考代码\Canvas\canvas.cpp(572,49): warning C4244: “参数”: 从“int”转换到“float”，可能丢失数据
E:\ftpdow\作业1参考代码\作业2参考代码\Canvas\canvas.cpp(572,46): warning C4244: “参数”: 从“int”转换到“float”，可能丢失数据
E:\ftpdow\作业1参考代码\作业2参考代码\Canvas\canvas.cpp(572,39): warning C4244: “参数”: 从“int”转换到“float”，可能丢失数据
E:\ftpdow\作业1参考代码\作业2参考代码\Canvas\canvas.cpp(572,32): warning C4244: “参数”: 从“int”转换到“float”，可能丢失数据
E:\ftpdow\作业1参考代码\作业2参考代码\Canvas\canvas.cpp(583,57): warning C4244: “参数”: 从“int”转换到“float”，可能丢失数据
E:\ftpdow\作业1参考代码\作业2参考代码\Canvas\canvas.cpp(583,54): warning C4244: “参数”: 从“int”转换到“float”，可能丢失数据
E:\ftpdow\作业1参考代码\作业2参考代码\Canvas\canvas.cpp(594,48): warning C4244: “参数”: 从“int”转换到“float”，可能丢失数据
E:\ftpdow\作业1参考代码\作业2参考代码\Canvas\canvas.cpp(594,45): warning C4244: “参数”: 从“int”转换到“float”，可能丢失数据
E:\ftpdow\作业1参考代码\作业2参考代码\Canvas\canvas.cpp(594,38): warning C4244: “参数”: 从“int”转换到“float”，可能丢失数据
E:\ftpdow\作业1参考代码\作业2参考代码\Canvas\canvas.cpp(594,31): warning C4244: “参数”: 从“int”转换到“float”，可能丢失数据
E:\ftpdow\作业1参考代码\作业2参考代码\Canvas\canvas.cpp(607,50): warning C4244: “参数”: 从“int”转换到“float”，可能丢失数据
E:\ftpdow\作业1参考代码\作业2参考代码\Canvas\canvas.cpp(607,47): warning C4244: “参数”: 从“int”转换到“float”，可能丢失数据
E:\ftpdow\作业1参考代码\作业2参考代码\Canvas\canvas.cpp(607,40): warning C4244: “参数”: 从“int”转换到“float”，可能丢失数据
E:\ftpdow\作业1参考代码\作业2参考代码\Canvas\canvas.cpp(607,33): warning C4244: “参数”: 从“int”转换到“float”，可能丢失数据
  Canvas.vcxproj -> E:\ftpdow\作业1参考代码\作业2参考代码\Canvas\Debug\Canvas.exe
