Microsoft (R) Macro Assembler Version 6.11		    12/15/23 15:46:20
6_5.asm							     Page 1 - 1


				.model small
				.stack
 0000				.data
 = 0002					n=2
					rept 100
						dd n
						n=n+2
						n=n<<8
					endm
 0000  00000002		     1			dd n
			     1			n=n<<8
6_5.asm(9): error A2045: missing angle bracket or brace in literal
 MacroLoop(3): iteration 1: Macro Called From 
  6_5.asm(9): Main Line Code
 0004  00000004		     1			dd n
			     1			n=n<<8
6_5.asm(9): error A2045: missing angle bracket or brace in literal
 MacroLoop(3): iteration 2: Macro Called From 
  6_5.asm(9): Main Line Code
 0008  00000006		     1			dd n
			     1			n=n<<8
6_5.asm(9): error A2045: missing angle bracket or brace in literal
 MacroLoop(3): iteration 3: Macro Called From 
  6_5.asm(9): Main Line Code
 000C  00000008		     1			dd n
			     1			n=n<<8
6_5.asm(9): error A2045: missing angle bracket or brace in literal
 MacroLoop(3): iteration 4: Macro Called From 
  6_5.asm(9): Main Line Code
 0010  0000000A		     1			dd n
			     1			n=n<<8
6_5.asm(9): error A2045: missing angle bracket or brace in literal
 MacroLoop(3): iteration 5: Macro Called From 
  6_5.asm(9): Main Line Code
 0014  0000000C		     1			dd n
			     1			n=n<<8
6_5.asm(9): error A2045: missing angle bracket or brace in literal
 MacroLoop(3): iteration 6: Macro Called From 
  6_5.asm(9): Main Line Code
 0018  0000000E		     1			dd n
			     1			n=n<<8
6_5.asm(9): error A2045: missing angle bracket or brace in literal
 MacroLoop(3): iteration 7: Macro Called From 
  6_5.asm(9): Main Line Code
 001C  00000010		     1			dd n
			     1			n=n<<8
6_5.asm(9): error A2045: missing angle bracket or brace in literal
 MacroLoop(3): iteration 8: Macro Called From 
  6_5.asm(9): Main Line Code
 0020  00000012		     1			dd n
			     1			n=n<<8
6_5.asm(9): error A2045: missing angle bracket or brace in literal
 MacroLoop(3): iteration 9: Macro Called From 
  6_5.asm(9): Main Line Code
 0024  00000014		     1			dd n
			     1			n=n<<8
6_5.asm(9): error A2045: missing angle bracket or brace in literal
 MacroLoop(3): iteration 10: Macro Called From 
  6_5.asm(9): Main Line Code
 0028  00000016		     1			dd n
			     1			n=n<<8
6_5.asm(9): error A2045: missing angle bracket or brace in literal
 MacroLoop(3): iteration 11: Macro Called From 
  6_5.asm(9): Main Line Code
 002C  00000018		     1			dd n
			     1			n=n<<8
6_5.asm(9): error A2045: missing angle bracket or brace in literal
 MacroLoop(3): iteration 12: Macro Called From 
  6_5.asm(9): Main Line Code
 0030  0000001A		     1			dd n
			     1			n=n<<8
6_5.asm(9): error A2045: missing angle bracket or brace in literal
 MacroLoop(3): iteration 13: Macro Called From 
  6_5.asm(9): Main Line Code
 0034  0000001C		     1			dd n
			     1			n=n<<8
6_5.asm(9): error A2045: missing angle bracket or brace in literal
 MacroLoop(3): iteration 14: Macro Called From 
  6_5.asm(9): Main Line Code
 0038  0000001E		     1			dd n
			     1			n=n<<8
6_5.asm(9): error A2045: missing angle bracket or brace in literal
 MacroLoop(3): iteration 15: Macro Called From 
  6_5.asm(9): Main Line Code
 003C  00000020		     1			dd n
			     1			n=n<<8
6_5.asm(9): error A2045: missing angle bracket or brace in literal
 MacroLoop(3): iteration 16: Macro Called From 
  6_5.asm(9): Main Line Code
 0040  00000022		     1			dd n
			     1			n=n<<8
6_5.asm(9): error A2045: missing angle bracket or brace in literal
 MacroLoop(3): iteration 17: Macro Called From 
  6_5.asm(9): Main Line Code
 0044  00000024		     1			dd n
			     1			n=n<<8
6_5.asm(9): error A2045: missing angle bracket or brace in literal
 MacroLoop(3): iteration 18: Macro Called From 
  6_5.asm(9): Main Line Code
 0048  00000026		     1			dd n
			     1			n=n<<8
6_5.asm(9): error A2045: missing angle bracket or brace in literal
 MacroLoop(3): iteration 19: Macro Called From 
  6_5.asm(9): Main Line Code
 004C  00000028		     1			dd n
			     1			n=n<<8
6_5.asm(9): error A2045: missing angle bracket or brace in literal
 MacroLoop(3): iteration 20: Macro Called From 
  6_5.asm(9): Main Line Code
 0050  0000002A		     1			dd n
			     1			n=n<<8
6_5.asm(9): error A2045: missing angle bracket or brace in literal
 MacroLoop(3): iteration 21: Macro Called From 
  6_5.asm(9): Main Line Code
 0054  0000002C		     1			dd n
			     1			n=n<<8
6_5.asm(9): error A2045: missing angle bracket or brace in literal
 MacroLoop(3): iteration 22: Macro Called From 
  6_5.asm(9): Main Line Code
 0058  0000002E		     1			dd n
			     1			n=n<<8
6_5.asm(9): error A2045: missing angle bracket or brace in literal
 MacroLoop(3): iteration 23: Macro Called From 
  6_5.asm(9): Main Line Code
 005C  00000030		     1			dd n
			     1			n=n<<8
6_5.asm(9): error A2045: missing angle bracket or brace in literal
 MacroLoop(3): iteration 24: Macro Called From 
  6_5.asm(9): Main Line Code
 0060  00000032		     1			dd n
			     1			n=n<<8
6_5.asm(9): error A2045: missing angle bracket or brace in literal
 MacroLoop(3): iteration 25: Macro Called From 
  6_5.asm(9): Main Line Code
 0064  00000034		     1			dd n
			     1			n=n<<8
6_5.asm(9): error A2045: missing angle bracket or brace in literal
 MacroLoop(3): iteration 26: Macro Called From 
  6_5.asm(9): Main Line Code
 0068  00000036		     1			dd n
			     1			n=n<<8
6_5.asm(9): error A2045: missing angle bracket or brace in literal
 MacroLoop(3): iteration 27: Macro Called From 
  6_5.asm(9): Main Line Code
 006C  00000038		     1			dd n
			     1			n=n<<8
6_5.asm(9): error A2045: missing angle bracket or brace in literal
 MacroLoop(3): iteration 28: Macro Called From 
  6_5.asm(9): Main Line Code
 0070  0000003A		     1			dd n
			     1			n=n<<8
6_5.asm(9): error A2045: missing angle bracket or brace in literal
 MacroLoop(3): iteration 29: Macro Called From 
  6_5.asm(9): Main Line Code
 0074  0000003C		     1			dd n
			     1			n=n<<8
6_5.asm(9): error A2045: missing angle bracket or brace in literal
 MacroLoop(3): iteration 30: Macro Called From 
  6_5.asm(9): Main Line Code
 0078  0000003E		     1			dd n
			     1			n=n<<8
6_5.asm(9): error A2045: missing angle bracket or brace in literal
 MacroLoop(3): iteration 31: Macro Called From 
  6_5.asm(9): Main Line Code
 007C  00000040		     1			dd n
			     1			n=n<<8
6_5.asm(9): error A2045: missing angle bracket or brace in literal
 MacroLoop(3): iteration 32: Macro Called From 
  6_5.asm(9): Main Line Code
 0080  00000042		     1			dd n
			     1			n=n<<8
6_5.asm(9): error A2045: missing angle bracket or brace in literal
 MacroLoop(3): iteration 33: Macro Called From 
  6_5.asm(9): Main Line Code
 0084  00000044		     1			dd n
			     1			n=n<<8
6_5.asm(9): error A2045: missing angle bracket or brace in literal
 MacroLoop(3): iteration 34: Macro Called From 
  6_5.asm(9): Main Line Code
 0088  00000046		     1			dd n
			     1			n=n<<8
6_5.asm(9): error A2045: missing angle bracket or brace in literal
 MacroLoop(3): iteration 35: Macro Called From 
  6_5.asm(9): Main Line Code
 008C  00000048		     1			dd n
			     1			n=n<<8
6_5.asm(9): error A2045: missing angle bracket or brace in literal
 MacroLoop(3): iteration 36: Macro Called From 
  6_5.asm(9): Main Line Code
 0090  0000004A		     1			dd n
			     1			n=n<<8
6_5.asm(9): error A2045: missing angle bracket or brace in literal
 MacroLoop(3): iteration 37: Macro Called From 
  6_5.asm(9): Main Line Code
 0094  0000004C		     1			dd n
			     1			n=n<<8
6_5.asm(9): error A2045: missing angle bracket or brace in literal
 MacroLoop(3): iteration 38: Macro Called From 
  6_5.asm(9): Main Line Code
 0098  0000004E		     1			dd n
			     1			n=n<<8
6_5.asm(9): error A2045: missing angle bracket or brace in literal
 MacroLoop(3): iteration 39: Macro Called From 
  6_5.asm(9): Main Line Code
 009C  00000050		     1			dd n
			     1			n=n<<8
6_5.asm(9): error A2045: missing angle bracket or brace in literal
 MacroLoop(3): iteration 40: Macro Called From 
  6_5.asm(9): Main Line Code
 00A0  00000052		     1			dd n
			     1			n=n<<8
6_5.asm(9): error A2045: missing angle bracket or brace in literal
 MacroLoop(3): iteration 41: Macro Called From 
  6_5.asm(9): Main Line Code
 00A4  00000054		     1			dd n
			     1			n=n<<8
6_5.asm(9): error A2045: missing angle bracket or brace in literal
 MacroLoop(3): iteration 42: Macro Called From 
  6_5.asm(9): Main Line Code
 00A8  00000056		     1			dd n
			     1			n=n<<8
6_5.asm(9): error A2045: missing angle bracket or brace in literal
 MacroLoop(3): iteration 43: Macro Called From 
  6_5.asm(9): Main Line Code
 00AC  00000058		     1			dd n
			     1			n=n<<8
6_5.asm(9): error A2045: missing angle bracket or brace in literal
 MacroLoop(3): iteration 44: Macro Called From 
  6_5.asm(9): Main Line Code
 00B0  0000005A		     1			dd n
			     1			n=n<<8
6_5.asm(9): error A2045: missing angle bracket or brace in literal
 MacroLoop(3): iteration 45: Macro Called From 
  6_5.asm(9): Main Line Code
 00B4  0000005C		     1			dd n
			     1			n=n<<8
6_5.asm(9): error A2045: missing angle bracket or brace in literal
 MacroLoop(3): iteration 46: Macro Called From 
  6_5.asm(9): Main Line Code
 00B8  0000005E		     1			dd n
			     1			n=n<<8
6_5.asm(9): error A2045: missing angle bracket or brace in literal
 MacroLoop(3): iteration 47: Macro Called From 
  6_5.asm(9): Main Line Code
 00BC  00000060		     1			dd n
			     1			n=n<<8
6_5.asm(9): error A2045: missing angle bracket or brace in literal
 MacroLoop(3): iteration 48: Macro Called From 
  6_5.asm(9): Main Line Code
 00C0  00000062		     1			dd n
			     1			n=n<<8
6_5.asm(9): error A2045: missing angle bracket or brace in literal
 MacroLoop(3): iteration 49: Macro Called From 
  6_5.asm(9): Main Line Code
 00C4  00000064		     1			dd n
			     1			n=n<<8
6_5.asm(9): error A2045: missing angle bracket or brace in literal
 MacroLoop(3): iteration 50: Macro Called From 
  6_5.asm(9): Main Line Code
 00C8  00000066		     1			dd n
			     1			n=n<<8
6_5.asm(9): error A2045: missing angle bracket or brace in literal
 MacroLoop(3): iteration 51: Macro Called From 
  6_5.asm(9): Main Line Code
 00CC  00000068		     1			dd n
			     1			n=n<<8
6_5.asm(9): error A2045: missing angle bracket or brace in literal
 MacroLoop(3): iteration 52: Macro Called From 
  6_5.asm(9): Main Line Code
 00D0  0000006A		     1			dd n
			     1			n=n<<8
6_5.asm(9): error A2045: missing angle bracket or brace in literal
 MacroLoop(3): iteration 53: Macro Called From 
  6_5.asm(9): Main Line Code
 00D4  0000006C		     1			dd n
			     1			n=n<<8
6_5.asm(9): error A2045: missing angle bracket or brace in literal
 MacroLoop(3): iteration 54: Macro Called From 
  6_5.asm(9): Main Line Code
 00D8  0000006E		     1			dd n
			     1			n=n<<8
6_5.asm(9): error A2045: missing angle bracket or brace in literal
 MacroLoop(3): iteration 55: Macro Called From 
  6_5.asm(9): Main Line Code
 00DC  00000070		     1			dd n
			     1			n=n<<8
6_5.asm(9): error A2045: missing angle bracket or brace in literal
 MacroLoop(3): iteration 56: Macro Called From 
  6_5.asm(9): Main Line Code
 00E0  00000072		     1			dd n
			     1			n=n<<8
6_5.asm(9): error A2045: missing angle bracket or brace in literal
 MacroLoop(3): iteration 57: Macro Called From 
  6_5.asm(9): Main Line Code
 00E4  00000074		     1			dd n
			     1			n=n<<8
6_5.asm(9): error A2045: missing angle bracket or brace in literal
 MacroLoop(3): iteration 58: Macro Called From 
  6_5.asm(9): Main Line Code
 00E8  00000076		     1			dd n
			     1			n=n<<8
6_5.asm(9): error A2045: missing angle bracket or brace in literal
 MacroLoop(3): iteration 59: Macro Called From 
  6_5.asm(9): Main Line Code
 00EC  00000078		     1			dd n
			     1			n=n<<8
6_5.asm(9): error A2045: missing angle bracket or brace in literal
 MacroLoop(3): iteration 60: Macro Called From 
  6_5.asm(9): Main Line Code
 00F0  0000007A		     1			dd n
			     1			n=n<<8
6_5.asm(9): error A2045: missing angle bracket or brace in literal
 MacroLoop(3): iteration 61: Macro Called From 
  6_5.asm(9): Main Line Code
 00F4  0000007C		     1			dd n
			     1			n=n<<8
6_5.asm(9): error A2045: missing angle bracket or brace in literal
 MacroLoop(3): iteration 62: Macro Called From 
  6_5.asm(9): Main Line Code
 00F8  0000007E		     1			dd n
			     1			n=n<<8
6_5.asm(9): error A2045: missing angle bracket or brace in literal
 MacroLoop(3): iteration 63: Macro Called From 
  6_5.asm(9): Main Line Code
 00FC  00000080		     1			dd n
			     1			n=n<<8
6_5.asm(9): error A2045: missing angle bracket or brace in literal
 MacroLoop(3): iteration 64: Macro Called From 
  6_5.asm(9): Main Line Code
 0100  00000082		     1			dd n
			     1			n=n<<8
6_5.asm(9): error A2045: missing angle bracket or brace in literal
 MacroLoop(3): iteration 65: Macro Called From 
  6_5.asm(9): Main Line Code
 0104  00000084		     1			dd n
			     1			n=n<<8
6_5.asm(9): error A2045: missing angle bracket or brace in literal
 MacroLoop(3): iteration 66: Macro Called From 
  6_5.asm(9): Main Line Code
 0108  00000086		     1			dd n
			     1			n=n<<8
6_5.asm(9): error A2045: missing angle bracket or brace in literal
 MacroLoop(3): iteration 67: Macro Called From 
  6_5.asm(9): Main Line Code
 010C  00000088		     1			dd n
			     1			n=n<<8
6_5.asm(9): error A2045: missing angle bracket or brace in literal
 MacroLoop(3): iteration 68: Macro Called From 
  6_5.asm(9): Main Line Code
 0110  0000008A		     1			dd n
			     1			n=n<<8
6_5.asm(9): error A2045: missing angle bracket or brace in literal
 MacroLoop(3): iteration 69: Macro Called From 
  6_5.asm(9): Main Line Code
 0114  0000008C		     1			dd n
			     1			n=n<<8
6_5.asm(9): error A2045: missing angle bracket or brace in literal
 MacroLoop(3): iteration 70: Macro Called From 
  6_5.asm(9): Main Line Code
 0118  0000008E		     1			dd n
			     1			n=n<<8
6_5.asm(9): error A2045: missing angle bracket or brace in literal
 MacroLoop(3): iteration 71: Macro Called From 
  6_5.asm(9): Main Line Code
 011C  00000090		     1			dd n
			     1			n=n<<8
6_5.asm(9): error A2045: missing angle bracket or brace in literal
 MacroLoop(3): iteration 72: Macro Called From 
  6_5.asm(9): Main Line Code
 0120  00000092		     1			dd n
			     1			n=n<<8
6_5.asm(9): error A2045: missing angle bracket or brace in literal
 MacroLoop(3): iteration 73: Macro Called From 
  6_5.asm(9): Main Line Code
 0124  00000094		     1			dd n
			     1			n=n<<8
6_5.asm(9): error A2045: missing angle bracket or brace in literal
 MacroLoop(3): iteration 74: Macro Called From 
  6_5.asm(9): Main Line Code
 0128  00000096		     1			dd n
			     1			n=n<<8
6_5.asm(9): error A2045: missing angle bracket or brace in literal
 MacroLoop(3): iteration 75: Macro Called From 
  6_5.asm(9): Main Line Code
 012C  00000098		     1			dd n
			     1			n=n<<8
6_5.asm(9): error A2045: missing angle bracket or brace in literal
 MacroLoop(3): iteration 76: Macro Called From 
  6_5.asm(9): Main Line Code
 0130  0000009A		     1			dd n
			     1			n=n<<8
6_5.asm(9): error A2045: missing angle bracket or brace in literal
 MacroLoop(3): iteration 77: Macro Called From 
  6_5.asm(9): Main Line Code
 0134  0000009C		     1			dd n
			     1			n=n<<8
6_5.asm(9): error A2045: missing angle bracket or brace in literal
 MacroLoop(3): iteration 78: Macro Called From 
  6_5.asm(9): Main Line Code
 0138  0000009E		     1			dd n
			     1			n=n<<8
6_5.asm(9): error A2045: missing angle bracket or brace in literal
 MacroLoop(3): iteration 79: Macro Called From 
  6_5.asm(9): Main Line Code
 013C  000000A0		     1			dd n
			     1			n=n<<8
6_5.asm(9): error A2045: missing angle bracket or brace in literal
 MacroLoop(3): iteration 80: Macro Called From 
  6_5.asm(9): Main Line Code
 0140  000000A2		     1			dd n
			     1			n=n<<8
6_5.asm(9): error A2045: missing angle bracket or brace in literal
 MacroLoop(3): iteration 81: Macro Called From 
  6_5.asm(9): Main Line Code
 0144  000000A4		     1			dd n
			     1			n=n<<8
6_5.asm(9): error A2045: missing angle bracket or brace in literal
 MacroLoop(3): iteration 82: Macro Called From 
  6_5.asm(9): Main Line Code
 0148  000000A6		     1			dd n
			     1			n=n<<8
6_5.asm(9): error A2045: missing angle bracket or brace in literal
 MacroLoop(3): iteration 83: Macro Called From 
  6_5.asm(9): Main Line Code
 014C  000000A8		     1			dd n
			     1			n=n<<8
6_5.asm(9): error A2045: missing angle bracket or brace in literal
 MacroLoop(3): iteration 84: Macro Called From 
  6_5.asm(9): Main Line Code
 0150  000000AA		     1			dd n
			     1			n=n<<8
6_5.asm(9): error A2045: missing angle bracket or brace in literal
 MacroLoop(3): iteration 85: Macro Called From 
  6_5.asm(9): Main Line Code
 0154  000000AC		     1			dd n
			     1			n=n<<8
6_5.asm(9): error A2045: missing angle bracket or brace in literal
 MacroLoop(3): iteration 86: Macro Called From 
  6_5.asm(9): Main Line Code
 0158  000000AE		     1			dd n
			     1			n=n<<8
6_5.asm(9): error A2045: missing angle bracket or brace in literal
 MacroLoop(3): iteration 87: Macro Called From 
  6_5.asm(9): Main Line Code
 015C  000000B0		     1			dd n
			     1			n=n<<8
6_5.asm(9): error A2045: missing angle bracket or brace in literal
 MacroLoop(3): iteration 88: Macro Called From 
  6_5.asm(9): Main Line Code
 0160  000000B2		     1			dd n
			     1			n=n<<8
6_5.asm(9): error A2045: missing angle bracket or brace in literal
 MacroLoop(3): iteration 89: Macro Called From 
  6_5.asm(9): Main Line Code
 0164  000000B4		     1			dd n
			     1			n=n<<8
6_5.asm(9): error A2045: missing angle bracket or brace in literal
 MacroLoop(3): iteration 90: Macro Called From 
  6_5.asm(9): Main Line Code
 0168  000000B6		     1			dd n
			     1			n=n<<8
6_5.asm(9): error A2045: missing angle bracket or brace in literal
 MacroLoop(3): iteration 91: Macro Called From 
  6_5.asm(9): Main Line Code
 016C  000000B8		     1			dd n
			     1			n=n<<8
6_5.asm(9): error A2045: missing angle bracket or brace in literal
 MacroLoop(3): iteration 92: Macro Called From 
  6_5.asm(9): Main Line Code
 0170  000000BA		     1			dd n
			     1			n=n<<8
6_5.asm(9): error A2045: missing angle bracket or brace in literal
 MacroLoop(3): iteration 93: Macro Called From 
  6_5.asm(9): Main Line Code
 0174  000000BC		     1			dd n
			     1			n=n<<8
6_5.asm(9): error A2045: missing angle bracket or brace in literal
 MacroLoop(3): iteration 94: Macro Called From 
  6_5.asm(9): Main Line Code
 0178  000000BE		     1			dd n
			     1			n=n<<8
6_5.asm(9): error A2045: missing angle bracket or brace in literal
 MacroLoop(3): iteration 95: Macro Called From 
  6_5.asm(9): Main Line Code
 017C  000000C0		     1			dd n
			     1			n=n<<8
6_5.asm(9): error A2045: missing angle bracket or brace in literal
 MacroLoop(3): iteration 96: Macro Called From 
  6_5.asm(9): Main Line Code
 0180  000000C2		     1			dd n
			     1			n=n<<8
6_5.asm(9): error A2045: missing angle bracket or brace in literal
 MacroLoop(3): iteration 97: Macro Called From 
  6_5.asm(9): Main Line Code
 0184  000000C4		     1			dd n
			     1			n=n<<8
6_5.asm(9): error A2045: missing angle bracket or brace in literal
 MacroLoop(3): iteration 98: Macro Called From 
  6_5.asm(9): Main Line Code
 0188  000000C6		     1			dd n
			     1			n=n<<8
6_5.asm(9): error A2045: missing angle bracket or brace in literal
 MacroLoop(3): iteration 99: Macro Called From 
  6_5.asm(9): Main Line Code
 018C  000000C8		     1			dd n
			     1			n=n<<8
6_5.asm(9): error A2045: missing angle bracket or brace in literal
 MacroLoop(3): iteration 100: Macro Called From 
  6_5.asm(9): Main Line Code
 0000				.code
				.startup
 0017  8B C3				mov ax,bx
				.exit 0
				end
Microsoft (R) Macro Assembler Version 6.11		    12/15/23 15:46:20
6_5.asm							     Symbols 2 - 1




Segments and Groups:

                N a m e                 Size     Length   Align   Combine Class

DGROUP . . . . . . . . . . . . .	GROUP
_DATA  . . . . . . . . . . . . .	16 Bit	 0190	  Word	  Public  'DATA'	
STACK  . . . . . . . . . . . . .	16 Bit	 0400	  Para	  Stack	  'STACK'	 
_TEXT  . . . . . . . . . . . . .	16 Bit	 001E	  Word	  Public  'CODE'	


Symbols:

                N a m e                 Type     Value    Attr

@CodeSize  . . . . . . . . . . .	Number	 0000h	 
@DataSize  . . . . . . . . . . .	Number	 0000h	 
@Interface . . . . . . . . . . .	Number	 0000h	 
@Model . . . . . . . . . . . . .	Number	 0002h	 
@Startup . . . . . . . . . . . .	L Near	 0000	  _TEXT	
@code  . . . . . . . . . . . . .	Text   	 _TEXT
@data  . . . . . . . . . . . . .	Text   	 DGROUP
@fardata?  . . . . . . . . . . .	Text   	 FAR_BSS
@fardata . . . . . . . . . . . .	Text   	 FAR_DATA
@stack . . . . . . . . . . . . .	Text   	 DGROUP
n  . . . . . . . . . . . . . . .	Number	 00CAh	 

	   0 Warnings
	   100 Errors
